Using pre-set license
Built from '2020.3/staging' branch; Version is '2020.3.13f1 (71691879b7f5) revision 7432472'; Using compiler version '192528614'; Build Type 'Release'
OS: 'Windows 10 Enterprise LTSC 2019; OS build 17763.1697; Version 1809; 64bit' Language: 'ru' Physical Memory: 32720 MB
BatchMode: 1, IsHumanControllingUs: 0, StartBugReporterOnCrash: 0, Is64bit: 1, IsPro: 0

 COMMAND LINE ARGUMENTS:
D:\Programs\Unity\2020.3.13f1\Editor\Unity.exe
-adb2
-batchMode
-noUpm
-name
AssetImportWorker0
-projectPath
D:/Git/CardFigters
-logFile
Logs/AssetImportWorker0.log
-srvPort
52069
Successfully changed project path to: D:/Git/CardFigters
D:/Git/CardFigters
Using Asset Import Pipeline V2.
Refreshing native plugins compatible for Editor in 80.37 ms, found 3 plugins.
Preloading 0 native plugins for Editor in 0.00 ms.
Initialize engine version: 2020.3.13f1 (71691879b7f5)
[Subsystems] Discovering subsystems at path D:/Programs/Unity/2020.3.13f1/Editor/Data/Resources/UnitySubsystems
[Subsystems] Discovering subsystems at path D:/Git/CardFigters/Assets
GfxDevice: creating device client; threaded=0
Direct3D:
    Version:  Direct3D 11.0 [level 11.1]
    Renderer: NVIDIA GeForce GTX 1060 (ID=0x1c20)
    Vendor:   
    VRAM:     6052 MB
    Driver:   30.0.14.7196
Initialize mono
Mono path[0] = 'D:/Programs/Unity/2020.3.13f1/Editor/Data/Managed'
Mono path[1] = 'D:/Programs/Unity/2020.3.13f1/Editor/Data/MonoBleedingEdge/lib/mono/unityjit'
Mono config path = 'D:/Programs/Unity/2020.3.13f1/Editor/Data/MonoBleedingEdge/etc'
Using monoOptions --debugger-agent=transport=dt_socket,embedding=1,server=y,suspend=n,address=127.0.0.1:56724
Begin MonoManager ReloadAssembly
Registering precompiled unity dll's ...
Register platform support module: D:/Programs/Unity/2020.3.13f1/Editor/Data/PlaybackEngines/WebGLSupport/UnityEditor.WebGL.Extensions.dll
Register platform support module: D:/Programs/Unity/2020.3.13f1/Editor/Data/PlaybackEngines/WindowsStandaloneSupport/UnityEditor.WindowsStandalone.Extensions.dll
Registered in 0.001635 seconds.
Native extension for WindowsStandalone target not found
Native extension for WebGL target not found
Refreshing native plugins compatible for Editor in 73.20 ms, found 3 plugins.
Preloading 0 native plugins for Editor in 0.00 ms.
Mono: successfully reloaded assembly
- Completed reload, in  2.444 seconds
Platform modules already initialized, skipping
Registering precompiled user dll's ...
Registered in 0.004528 seconds.
Begin MonoManager ReloadAssembly
Native extension for WindowsStandalone target not found
Native extension for WebGL target not found
Refreshing native plugins compatible for Editor in 69.96 ms, found 3 plugins.
Preloading 0 native plugins for Editor in 0.00 ms.
Mono: successfully reloaded assembly
- Completed reload, in  1.507 seconds
Platform modules already initialized, skipping
========================================================================
Worker process is ready to serve import requests
Launched and connected shader compiler UnityShaderCompiler.exe after 0.04 seconds
Refreshing native plugins compatible for Editor in 0.79 ms, found 3 plugins.
Preloading 0 native plugins for Editor in 0.00 ms.
Unloading 2121 Unused Serialized files (Serialized files now loaded: 0)
System memory in use before: 96.6 MB.
System memory in use after: 96.7 MB.

Unloading 30 unused Assets to reduce memory usage. Loaded Objects now: 2566.
Total: 3.919800 ms (FindLiveObjects: 0.324000 ms CreateObjectMapping: 0.178400 ms MarkObjects: 3.296600 ms  DeleteObjects: 0.119000 ms)

AssetImportParameters requested are different than current active one (requested -> active):
  custom:framework-win-MediaFoundation: 216162199b28c13a410421893ffa2e32 -> 
  custom:video-decoder-ogg-theora: a1e56fd34408186e4bbccfd4996cb3dc -> 
  custom:container-muxer-webm: aa71ff27fc2769a1b78a27578f13a17b -> 
  custom:container-demuxer-webm: 4f35f7cbe854078d1ac9338744f61a02 -> 
  custom:container-demuxer-ogg: 62fdf1f143b41e24485cea50d1cbac27 -> 
  custom:video-encoder-webm-vp8: eb34c28f22e8b96e1ab97ce403110664 -> 
  custom:video-decoder-webm-vp8: 9c59270c3fd7afecdb556c50c9e8de78 -> 
  custom:audio-decoder-ogg-vorbis: bf7c407c2cedff20999df2af8eb42d56 -> 
  custom:audio-encoder-webm-vorbis: bf7c407c2cedff20999df2af8eb42d56 -> 
========================================================================
Received Import Request.
  path: ProjectSettings/TagManager.asset
  artifactKey: Guid(00000000000000003000000000000000) Importer(815301076,1909f56bfc062723c751e8b465ee728b)
Start importing ProjectSettings/TagManager.asset using Guid(00000000000000003000000000000000) Importer(815301076,1909f56bfc062723c751e8b465ee728b)  -> (artifact id: '95df672b4aaba54310d34c83eef51bb8') in 0.046130 seconds 
  Import took 0.051255 seconds .

========================================================================
Received Prepare
Refreshing native plugins compatible for Editor in 5.63 ms, found 3 plugins.
Preloading 0 native plugins for Editor in 0.00 ms.
Unloading 16 Unused Serialized files (Serialized files now loaded: 0)
System memory in use before: 53.3 MB.
System memory in use after: 53.5 MB.

Unloading 17 unused Assets to reduce memory usage. Loaded Objects now: 2566.
Total: 3.866800 ms (FindLiveObjects: 0.237300 ms CreateObjectMapping: 0.218700 ms MarkObjects: 3.390300 ms  DeleteObjects: 0.019200 ms)

AssetImportParameters requested are different than current active one (requested -> active):
  custom:framework-win-MediaFoundation: 216162199b28c13a410421893ffa2e32 -> 
  custom:video-decoder-ogg-theora: a1e56fd34408186e4bbccfd4996cb3dc -> 
  custom:container-muxer-webm: aa71ff27fc2769a1b78a27578f13a17b -> 
  custom:container-demuxer-webm: 4f35f7cbe854078d1ac9338744f61a02 -> 
  custom:container-demuxer-ogg: 62fdf1f143b41e24485cea50d1cbac27 -> 
  custom:video-encoder-webm-vp8: eb34c28f22e8b96e1ab97ce403110664 -> 
  custom:video-decoder-webm-vp8: 9c59270c3fd7afecdb556c50c9e8de78 -> 
  custom:audio-decoder-ogg-vorbis: bf7c407c2cedff20999df2af8eb42d56 -> 
  custom:audio-encoder-webm-vorbis: bf7c407c2cedff20999df2af8eb42d56 -> 
========================================================================
Received Prepare
Registering precompiled user dll's ...
Registered in 0.004575 seconds.
Begin MonoManager ReloadAssembly
Native extension for WindowsStandalone target not found
Native extension for WebGL target not found
Refreshing native plugins compatible for Editor in 0.57 ms, found 3 plugins.
Preloading 0 native plugins for Editor in 0.00 ms.
[ScriptCompilation] NOT recompiling all scripts because this is an import worker process. Reason to compile was: Define symbols changed
Mono: successfully reloaded assembly
- Completed reload, in  1.272 seconds
Platform modules already initialized, skipping
Refreshing native plugins compatible for Editor in 0.59 ms, found 3 plugins.
Preloading 0 native plugins for Editor in 0.00 ms.
Unloading 2216 Unused Serialized files (Serialized files now loaded: 0)
System memory in use before: 102.3 MB.
System memory in use after: 100.4 MB.

Unloading 45 unused Assets to reduce memory usage. Loaded Objects now: 2663.
Total: 3.347900 ms (FindLiveObjects: 0.312200 ms CreateObjectMapping: 0.072000 ms MarkObjects: 2.250500 ms  DeleteObjects: 0.711300 ms)

AssetImportParameters requested are different than current active one (requested -> active):
  custom:framework-win-MediaFoundation: 216162199b28c13a410421893ffa2e32 -> 
  custom:video-decoder-ogg-theora: a1e56fd34408186e4bbccfd4996cb3dc -> 
  custom:container-muxer-webm: aa71ff27fc2769a1b78a27578f13a17b -> 
  custom:container-demuxer-webm: 4f35f7cbe854078d1ac9338744f61a02 -> 
  custom:container-demuxer-ogg: 62fdf1f143b41e24485cea50d1cbac27 -> 
  custom:video-encoder-webm-vp8: eb34c28f22e8b96e1ab97ce403110664 -> 
  custom:video-decoder-webm-vp8: 9c59270c3fd7afecdb556c50c9e8de78 -> 
  custom:audio-decoder-ogg-vorbis: bf7c407c2cedff20999df2af8eb42d56 -> 
  custom:audio-encoder-webm-vorbis: bf7c407c2cedff20999df2af8eb42d56 -> 
========================================================================
Received Prepare
Registering precompiled user dll's ...
Registered in 0.004226 seconds.
Begin MonoManager ReloadAssembly
Native extension for WindowsStandalone target not found
Native extension for WebGL target not found
Refreshing native plugins compatible for Editor in 0.67 ms, found 3 plugins.
Preloading 0 native plugins for Editor in 0.00 ms.
[ScriptCompilation] NOT recompiling all scripts because this is an import worker process. Reason to compile was: Define symbols changed
Mono: successfully reloaded assembly
- Completed reload, in  1.131 seconds
Platform modules already initialized, skipping
Refreshing native plugins compatible for Editor in 0.62 ms, found 3 plugins.
Preloading 0 native plugins for Editor in 0.00 ms.
Unloading 2216 Unused Serialized files (Serialized files now loaded: 0)
System memory in use before: 102.4 MB.
System memory in use after: 100.4 MB.

Unloading 45 unused Assets to reduce memory usage. Loaded Objects now: 2667.
Total: 3.015900 ms (FindLiveObjects: 0.167200 ms CreateObjectMapping: 0.072300 ms MarkObjects: 2.072500 ms  DeleteObjects: 0.702400 ms)

AssetImportParameters requested are different than current active one (requested -> active):
  custom:framework-win-MediaFoundation: 216162199b28c13a410421893ffa2e32 -> 
  custom:video-decoder-ogg-theora: a1e56fd34408186e4bbccfd4996cb3dc -> 
  custom:container-muxer-webm: aa71ff27fc2769a1b78a27578f13a17b -> 
  custom:container-demuxer-webm: 4f35f7cbe854078d1ac9338744f61a02 -> 
  custom:container-demuxer-ogg: 62fdf1f143b41e24485cea50d1cbac27 -> 
  custom:video-encoder-webm-vp8: eb34c28f22e8b96e1ab97ce403110664 -> 
  custom:video-decoder-webm-vp8: 9c59270c3fd7afecdb556c50c9e8de78 -> 
  custom:audio-decoder-ogg-vorbis: bf7c407c2cedff20999df2af8eb42d56 -> 
  custom:audio-encoder-webm-vorbis: bf7c407c2cedff20999df2af8eb42d56 -> 
========================================================================
Received Import Request.
  Time since last request: 213.844662 seconds.
  path: Assets
  artifactKey: Guid(00000000000000001000000000000000) Importer(815301076,1909f56bfc062723c751e8b465ee728b)
Start importing Assets using Guid(00000000000000001000000000000000) Importer(815301076,1909f56bfc062723c751e8b465ee728b)  -> (artifact id: '42d402b061de3733987d63b9cc3b64de') in 0.004506 seconds 
  Import took 0.008380 seconds .

========================================================================
Received Import Request.
  Time since last request: 8.218835 seconds.
  path: Assets/postProccesing
  artifactKey: Guid(020bb51984dc8e14281690f84141a194) Importer(815301076,1909f56bfc062723c751e8b465ee728b)
Start importing Assets/postProccesing using Guid(020bb51984dc8e14281690f84141a194) Importer(815301076,1909f56bfc062723c751e8b465ee728b)  -> (artifact id: '02e2d83c1e508c767b3999ae7a2403d3') in 0.001407 seconds 
  Import took 0.005232 seconds .

========================================================================
Received Import Request.
  Time since last request: 11.872845 seconds.
  path: Assets/postProccesing/Post.asset
  artifactKey: Guid(6f6788f0babc68248aa43edbd4f9437f) Importer(815301076,1909f56bfc062723c751e8b465ee728b)
Start importing Assets/postProccesing/Post.asset using Guid(6f6788f0babc68248aa43edbd4f9437f) Importer(815301076,1909f56bfc062723c751e8b465ee728b)  -> (artifact id: '0511e698f6430c42f79b5201ccaa0029') in 0.015768 seconds 
  Import took 0.019583 seconds .

========================================================================
Received Import Request.
  Time since last request: 189.919741 seconds.
  path: Assets/postProccesing/Post.asset
  artifactKey: Guid(6f6788f0babc68248aa43edbd4f9437f) Importer(815301076,1909f56bfc062723c751e8b465ee728b)
Start importing Assets/postProccesing/Post.asset using Guid(6f6788f0babc68248aa43edbd4f9437f) Importer(815301076,1909f56bfc062723c751e8b465ee728b)  -> (artifact id: '3ad6e0983f7cde716b6bb5b145f646c2') in 0.010544 seconds 
  Import took 0.014784 seconds .

========================================================================
Received Import Request.
  Time since last request: 94.484877 seconds.
  path: Assets/postProccesing/Post.asset
  artifactKey: Guid(6f6788f0babc68248aa43edbd4f9437f) Importer(815301076,1909f56bfc062723c751e8b465ee728b)
Start importing Assets/postProccesing/Post.asset using Guid(6f6788f0babc68248aa43edbd4f9437f) Importer(815301076,1909f56bfc062723c751e8b465ee728b)  -> (artifact id: '43bda5718f9cee155d2cd04b22551300') in 0.005376 seconds 
  Import took 0.009801 seconds .

========================================================================
Received Import Request.
  Time since last request: 69.078297 seconds.
  path: Assets/postProccesing/Post.asset
  artifactKey: Guid(6f6788f0babc68248aa43edbd4f9437f) Importer(815301076,1909f56bfc062723c751e8b465ee728b)
Start importing Assets/postProccesing/Post.asset using Guid(6f6788f0babc68248aa43edbd4f9437f) Importer(815301076,1909f56bfc062723c751e8b465ee728b)  -> (artifact id: 'e1e8307895f0b5b710b178973f228022') in 0.002846 seconds 
  Import took 0.007221 seconds .

========================================================================
Received Import Request.
  Time since last request: 27.638795 seconds.
  path: Assets/postProccesing/Post.asset
  artifactKey: Guid(6f6788f0babc68248aa43edbd4f9437f) Importer(815301076,1909f56bfc062723c751e8b465ee728b)
Start importing Assets/postProccesing/Post.asset using Guid(6f6788f0babc68248aa43edbd4f9437f) Importer(815301076,1909f56bfc062723c751e8b465ee728b)  -> (artifact id: '9b6874d884d3c75dac747b089d324f82') in 0.013904 seconds 
  Import took 0.017767 seconds .

========================================================================
Received Import Request.
  Time since last request: 0.014656 seconds.
  path: Assets/postProccesing/Post.asset
  artifactKey: Guid(6f6788f0babc68248aa43edbd4f9437f) Importer(815301076,1909f56bfc062723c751e8b465ee728b)
Start importing Assets/postProccesing/Post.asset using Guid(6f6788f0babc68248aa43edbd4f9437f) Importer(815301076,1909f56bfc062723c751e8b465ee728b)  -> (artifact id: '9b6874d884d3c75dac747b089d324f82') in 0.003737 seconds 
  Import took 0.007825 seconds .

========================================================================
Received Prepare
Refreshing native plugins compatible for Editor in 4.19 ms, found 3 plugins.
Preloading 0 native plugins for Editor in 0.00 ms.
Unloading 43 Unused Serialized files (Serialized files now loaded: 0)
System memory in use before: 60.0 MB.
System memory in use after: 58.1 MB.

Unloading 43 unused Assets to reduce memory usage. Loaded Objects now: 2667.
Total: 4.189500 ms (FindLiveObjects: 0.227100 ms CreateObjectMapping: 0.082600 ms MarkObjects: 3.122800 ms  DeleteObjects: 0.756000 ms)

AssetImportParameters requested are different than current active one (requested -> active):
  colorSpace: 1 -> 0
  custom:framework-win-MediaFoundation: 216162199b28c13a410421893ffa2e32 -> 
  custom:video-decoder-ogg-theora: a1e56fd34408186e4bbccfd4996cb3dc -> 
  custom:container-muxer-webm: aa71ff27fc2769a1b78a27578f13a17b -> 
  custom:container-demuxer-webm: 4f35f7cbe854078d1ac9338744f61a02 -> 
  custom:container-demuxer-ogg: 62fdf1f143b41e24485cea50d1cbac27 -> 
  custom:video-encoder-webm-vp8: eb34c28f22e8b96e1ab97ce403110664 -> 
  custom:video-decoder-webm-vp8: 9c59270c3fd7afecdb556c50c9e8de78 -> 
  custom:audio-decoder-ogg-vorbis: bf7c407c2cedff20999df2af8eb42d56 -> 
  custom:audio-encoder-webm-vorbis: bf7c407c2cedff20999df2af8eb42d56 -> 
========================================================================
Received Prepare
Registering precompiled user dll's ...
Registered in 0.004391 seconds.
Begin MonoManager ReloadAssembly
Native extension for WindowsStandalone target not found
Native extension for WebGL target not found
Refreshing native plugins compatible for Editor in 0.57 ms, found 3 plugins.
Preloading 0 native plugins for Editor in 0.00 ms.
Mono: successfully reloaded assembly
- Completed reload, in  1.259 seconds
Platform modules already initialized, skipping
Refreshing native plugins compatible for Editor in 0.57 ms, found 3 plugins.
Preloading 0 native plugins for Editor in 0.00 ms.
Unloading 2216 Unused Serialized files (Serialized files now loaded: 0)
System memory in use before: 102.4 MB.
System memory in use after: 100.5 MB.

Unloading 45 unused Assets to reduce memory usage. Loaded Objects now: 2671.
Total: 3.349800 ms (FindLiveObjects: 0.198500 ms CreateObjectMapping: 0.071200 ms MarkObjects: 2.426100 ms  DeleteObjects: 0.652800 ms)

AssetImportParameters requested are different than current active one (requested -> active):
  colorSpace: 1 -> 0
  custom:framework-win-MediaFoundation: 216162199b28c13a410421893ffa2e32 -> 
  custom:video-decoder-ogg-theora: a1e56fd34408186e4bbccfd4996cb3dc -> 
  custom:container-muxer-webm: aa71ff27fc2769a1b78a27578f13a17b -> 
  custom:container-demuxer-webm: 4f35f7cbe854078d1ac9338744f61a02 -> 
  custom:container-demuxer-ogg: 62fdf1f143b41e24485cea50d1cbac27 -> 
  custom:video-encoder-webm-vp8: eb34c28f22e8b96e1ab97ce403110664 -> 
  custom:video-decoder-webm-vp8: 9c59270c3fd7afecdb556c50c9e8de78 -> 
  custom:audio-decoder-ogg-vorbis: bf7c407c2cedff20999df2af8eb42d56 -> 
  custom:audio-encoder-webm-vorbis: bf7c407c2cedff20999df2af8eb42d56 -> 
========================================================================
Received Import Request.
  Time since last request: 769.270592 seconds.
  path: Assets/postProccesing/Post.asset
  artifactKey: Guid(6f6788f0babc68248aa43edbd4f9437f) Importer(815301076,1909f56bfc062723c751e8b465ee728b)
Start importing Assets/postProccesing/Post.asset using Guid(6f6788f0babc68248aa43edbd4f9437f) Importer(815301076,1909f56bfc062723c751e8b465ee728b)  -> (artifact id: '53e4c0195bab24d2973e06cedf78080b') in 0.039567 seconds 
  Import took 0.045613 seconds .

AssetImportWorkerClient::OnTransportError - code=2 error=End of file
